// Output created by jacc on Sat May 07 19:48:10 EDT 2011

state 0 (entry on start)
    $accept : _start $end
    block : _    (5)

    DEF shift 10
    EXIT shift 11
    ID shift 12
    IF shift 13
    INCLUDE shift 14
    LAST shift 15
    NEXT shift 16
    NUMBER shift 17
    PRINT shift 18
    RETURN shift 19
    STRING_LITERAL shift 20
    TYPE shift 21
    WHILE shift 22
    '(' shift 23
    NL reduce 5
    $end reduce 5
    . error

    start goto 1
    assignment goto 2
    block goto 3
    declaration goto 4
    defun goto 5
    expr goto 6
    action goto 7
    symbol goto 8
    valexpr goto 9

state 1 (entry on start)
    $accept : start_$end
    start : start_NL block    (1)

    $end accept
    NL shift 24
    . error

state 2 (entry on assignment)
    action : assignment_    (19)

    NL reduce 19
    $end reduce 19
    . error

state 3 (entry on block)
    start : block_    (2)

    NL reduce 2
    $end reduce 2
    . error

state 4 (entry on declaration)
    action : declaration_    (18)

    NL reduce 18
    $end reduce 18
    . error

state 5 (entry on defun)
    block : defun_    (4)

    NL reduce 4
    $end reduce 4
    . error

state 6 (entry on expr)
    action : expr_    (20)

    NL reduce 20
    $end reduce 20
    . error

state 7 (entry on action)
    block : action_    (3)

    NL reduce 3
    $end reduce 3
    . error

state 8 (entry on symbol)
    valexpr : symbol_    (53)

    '/' reduce 53
    '-' reduce 53
    ',' reduce 53
    '+' reduce 53
    '*' reduce 53
    ')' reduce 53
    NL reduce 53
    '&' reduce 53
    '%' reduce 53
    $end reduce 53
    '|' reduce 53
    '^' reduce 53
    . error

state 9 (entry on valexpr)
    expr : valexpr_    (43)
    valexpr : valexpr_'+' valexpr    (44)
    valexpr : valexpr_'-' valexpr    (45)
    valexpr : valexpr_'*' valexpr    (46)
    valexpr : valexpr_'/' valexpr    (47)
    valexpr : valexpr_'^' valexpr    (48)
    valexpr : valexpr_'%' valexpr    (49)
    valexpr : valexpr_'|' valexpr    (50)
    valexpr : valexpr_'&' valexpr    (51)

    '%' shift 25
    '&' shift 26
    '*' shift 27
    '+' shift 28
    '-' shift 29
    '/' shift 30
    '^' shift 31
    '|' shift 32
    ',' reduce 43
    ')' reduce 43
    NL reduce 43
    $end reduce 43
    . error

state 10 (entry on DEF)
    defun : DEF_ID '(' defargswrapper ')' NL actions NL END    (6)

    ID shift 33
    . error

state 11 (entry on EXIT)
    action : EXIT_    (17)

    NL reduce 17
    $end reduce 17
    . error

state 12 (entry on ID)
    assignment : ID_'=' expr    (40)
    expr : ID_'.' ID '(' argswrapper ')'    (41)
    expr : ID_'(' argswrapper ')'    (42)
    symbol : ID_    (54)

    '(' shift 34
    '.' shift 35
    '=' shift 36
    '/' reduce 54
    '-' reduce 54
    '+' reduce 54
    '*' reduce 54
    NL reduce 54
    '&' reduce 54
    '%' reduce 54
    $end reduce 54
    '|' reduce 54
    '^' reduce 54
    . error

state 13 (entry on IF)
    action : IF_'(' expr ')' NL actions NL elsec END    (9)

    '(' shift 37
    . error

state 14 (entry on INCLUDE)
    action : INCLUDE_'(' expr ')'    (11)

    '(' shift 38
    . error

state 15 (entry on LAST)
    action : LAST_    (14)

    NL reduce 14
    $end reduce 14
    . error

state 16 (entry on NEXT)
    action : NEXT_    (13)

    NL reduce 13
    $end reduce 13
    . error

state 17 (entry on NUMBER)
    symbol : NUMBER_    (55)

    '/' reduce 55
    '-' reduce 55
    ',' reduce 55
    '+' reduce 55
    '*' reduce 55
    ')' reduce 55
    NL reduce 55
    '&' reduce 55
    '%' reduce 55
    $end reduce 55
    '|' reduce 55
    '^' reduce 55
    . error

state 18 (entry on PRINT)
    action : PRINT_'(' expr ')'    (12)

    '(' shift 39
    . error

state 19 (entry on RETURN)
    action : RETURN_expr    (15)
    action : RETURN_    (16)

    NUMBER shift 17
    STRING_LITERAL shift 20
    '(' shift 23
    ID shift 41
    NL reduce 16
    $end reduce 16
    . error

    expr goto 40
    symbol goto 8
    valexpr goto 9

state 20 (entry on STRING_LITERAL)
    symbol : STRING_LITERAL_    (56)

    '/' reduce 56
    '-' reduce 56
    ',' reduce 56
    '+' reduce 56
    '*' reduce 56
    ')' reduce 56
    NL reduce 56
    '&' reduce 56
    '%' reduce 56
    $end reduce 56
    '|' reduce 56
    '^' reduce 56
    . error

state 21 (entry on TYPE)
    declaration : TYPE_ID '=' expr    (38)
    declaration : TYPE_ID    (39)

    ID shift 42
    . error

state 22 (entry on WHILE)
    action : WHILE_'(' expr ')' NL actions NL END    (10)

    '(' shift 43
    . error

state 23 (entry on '(')
    valexpr : '('_valexpr ')'    (52)

    NUMBER shift 17
    STRING_LITERAL shift 20
    '(' shift 23
    ID shift 45
    . error

    symbol goto 8
    valexpr goto 44

state 24 (entry on NL)
    start : start NL_block    (1)
    block : _    (5)

    DEF shift 10
    EXIT shift 11
    ID shift 12
    IF shift 13
    INCLUDE shift 14
    LAST shift 15
    NEXT shift 16
    NUMBER shift 17
    PRINT shift 18
    RETURN shift 19
    STRING_LITERAL shift 20
    TYPE shift 21
    WHILE shift 22
    '(' shift 23
    NL reduce 5
    $end reduce 5
    . error

    assignment goto 2
    block goto 46
    declaration goto 4
    defun goto 5
    expr goto 6
    action goto 7
    symbol goto 8
    valexpr goto 9

state 25 (entry on '%')
    valexpr : valexpr '%'_valexpr    (49)

    NUMBER shift 17
    STRING_LITERAL shift 20
    '(' shift 23
    ID shift 45
    . error

    symbol goto 8
    valexpr goto 47

state 26 (entry on '&')
    valexpr : valexpr '&'_valexpr    (51)

    NUMBER shift 17
    STRING_LITERAL shift 20
    '(' shift 23
    ID shift 45
    . error

    symbol goto 8
    valexpr goto 48

state 27 (entry on '*')
    valexpr : valexpr '*'_valexpr    (46)

    NUMBER shift 17
    STRING_LITERAL shift 20
    '(' shift 23
    ID shift 45
    . error

    symbol goto 8
    valexpr goto 49

state 28 (entry on '+')
    valexpr : valexpr '+'_valexpr    (44)

    NUMBER shift 17
    STRING_LITERAL shift 20
    '(' shift 23
    ID shift 45
    . error

    symbol goto 8
    valexpr goto 50

state 29 (entry on '-')
    valexpr : valexpr '-'_valexpr    (45)

    NUMBER shift 17
    STRING_LITERAL shift 20
    '(' shift 23
    ID shift 45
    . error

    symbol goto 8
    valexpr goto 51

state 30 (entry on '/')
    valexpr : valexpr '/'_valexpr    (47)

    NUMBER shift 17
    STRING_LITERAL shift 20
    '(' shift 23
    ID shift 45
    . error

    symbol goto 8
    valexpr goto 52

state 31 (entry on '^')
    valexpr : valexpr '^'_valexpr    (48)

    NUMBER shift 17
    STRING_LITERAL shift 20
    '(' shift 23
    ID shift 45
    . error

    symbol goto 8
    valexpr goto 53

state 32 (entry on '|')
    valexpr : valexpr '|'_valexpr    (50)

    NUMBER shift 17
    STRING_LITERAL shift 20
    '(' shift 23
    ID shift 45
    . error

    symbol goto 8
    valexpr goto 54

state 33 (entry on ID)
    defun : DEF ID_'(' defargswrapper ')' NL actions NL END    (6)

    '(' shift 55
    . error

state 34 (entry on '(')
    argswrapper : _    (37)
    expr : ID '('_argswrapper ')'    (42)

    NUMBER shift 17
    STRING_LITERAL shift 20
    '(' shift 23
    ID shift 41
    ')' reduce 37
    . error

    args goto 56
    argswrapper goto 57
    expr goto 58
    symbol goto 8
    valexpr goto 9

state 35 (entry on '.')
    expr : ID '.'_ID '(' argswrapper ')'    (41)

    ID shift 59
    . error

state 36 (entry on '=')
    assignment : ID '='_expr    (40)

    NUMBER shift 17
    STRING_LITERAL shift 20
    '(' shift 23
    ID shift 41
    . error

    expr goto 60
    symbol goto 8
    valexpr goto 9

state 37 (entry on '(')
    action : IF '('_expr ')' NL actions NL elsec END    (9)

    NUMBER shift 17
    STRING_LITERAL shift 20
    '(' shift 23
    ID shift 41
    . error

    expr goto 61
    symbol goto 8
    valexpr goto 9

state 38 (entry on '(')
    action : INCLUDE '('_expr ')'    (11)

    NUMBER shift 17
    STRING_LITERAL shift 20
    '(' shift 23
    ID shift 41
    . error

    expr goto 62
    symbol goto 8
    valexpr goto 9

state 39 (entry on '(')
    action : PRINT '('_expr ')'    (12)

    NUMBER shift 17
    STRING_LITERAL shift 20
    '(' shift 23
    ID shift 41
    . error

    expr goto 63
    symbol goto 8
    valexpr goto 9

state 40 (entry on expr)
    action : RETURN expr_    (15)

    NL reduce 15
    $end reduce 15
    . error

state 41 (entry on ID)
    expr : ID_'.' ID '(' argswrapper ')'    (41)
    expr : ID_'(' argswrapper ')'    (42)
    symbol : ID_    (54)

    '(' shift 34
    '.' shift 35
    '/' reduce 54
    '-' reduce 54
    ',' reduce 54
    '+' reduce 54
    '*' reduce 54
    ')' reduce 54
    NL reduce 54
    '&' reduce 54
    '%' reduce 54
    $end reduce 54
    '|' reduce 54
    '^' reduce 54
    . error

state 42 (entry on ID)
    declaration : TYPE ID_'=' expr    (38)
    declaration : TYPE ID_    (39)

    '=' shift 64
    NL reduce 39
    $end reduce 39
    . error

state 43 (entry on '(')
    action : WHILE '('_expr ')' NL actions NL END    (10)

    NUMBER shift 17
    STRING_LITERAL shift 20
    '(' shift 23
    ID shift 41
    . error

    expr goto 65
    symbol goto 8
    valexpr goto 9

state 44 (entry on valexpr)
    valexpr : valexpr_'+' valexpr    (44)
    valexpr : valexpr_'-' valexpr    (45)
    valexpr : valexpr_'*' valexpr    (46)
    valexpr : valexpr_'/' valexpr    (47)
    valexpr : valexpr_'^' valexpr    (48)
    valexpr : valexpr_'%' valexpr    (49)
    valexpr : valexpr_'|' valexpr    (50)
    valexpr : valexpr_'&' valexpr    (51)
    valexpr : '(' valexpr_')'    (52)

    '%' shift 25
    '&' shift 26
    '*' shift 27
    '+' shift 28
    '-' shift 29
    '/' shift 30
    '^' shift 31
    '|' shift 32
    ')' shift 66
    . error

state 45 (entry on ID)
    symbol : ID_    (54)

    '/' reduce 54
    '-' reduce 54
    ',' reduce 54
    '+' reduce 54
    '*' reduce 54
    ')' reduce 54
    NL reduce 54
    '&' reduce 54
    '%' reduce 54
    $end reduce 54
    '|' reduce 54
    '^' reduce 54
    . error

state 46 (entry on block)
    start : start NL block_    (1)

    NL reduce 1
    $end reduce 1
    . error

state 47 (entry on valexpr)
    valexpr : valexpr_'+' valexpr    (44)
    valexpr : valexpr_'-' valexpr    (45)
    valexpr : valexpr_'*' valexpr    (46)
    valexpr : valexpr_'/' valexpr    (47)
    valexpr : valexpr_'^' valexpr    (48)
    valexpr : valexpr_'%' valexpr    (49)
    valexpr : valexpr '%' valexpr_    (49)
    valexpr : valexpr_'|' valexpr    (50)
    valexpr : valexpr_'&' valexpr    (51)

    '&' shift 26
    '^' shift 31
    '|' shift 32
    '/' reduce 49
    '-' reduce 49
    ',' reduce 49
    '+' reduce 49
    '*' reduce 49
    ')' reduce 49
    NL reduce 49
    '%' reduce 49
    $end reduce 49
    . error

state 48 (entry on valexpr)
    valexpr : valexpr_'+' valexpr    (44)
    valexpr : valexpr_'-' valexpr    (45)
    valexpr : valexpr_'*' valexpr    (46)
    valexpr : valexpr_'/' valexpr    (47)
    valexpr : valexpr_'^' valexpr    (48)
    valexpr : valexpr_'%' valexpr    (49)
    valexpr : valexpr_'|' valexpr    (50)
    valexpr : valexpr_'&' valexpr    (51)
    valexpr : valexpr '&' valexpr_    (51)

    '/' reduce 51
    '-' reduce 51
    ',' reduce 51
    '+' reduce 51
    '*' reduce 51
    ')' reduce 51
    NL reduce 51
    '&' reduce 51
    '%' reduce 51
    $end reduce 51
    '|' reduce 51
    '^' reduce 51
    . error

state 49 (entry on valexpr)
    valexpr : valexpr_'+' valexpr    (44)
    valexpr : valexpr_'-' valexpr    (45)
    valexpr : valexpr_'*' valexpr    (46)
    valexpr : valexpr '*' valexpr_    (46)
    valexpr : valexpr_'/' valexpr    (47)
    valexpr : valexpr_'^' valexpr    (48)
    valexpr : valexpr_'%' valexpr    (49)
    valexpr : valexpr_'|' valexpr    (50)
    valexpr : valexpr_'&' valexpr    (51)

    '&' shift 26
    '^' shift 31
    '|' shift 32
    '/' reduce 46
    '-' reduce 46
    ',' reduce 46
    '+' reduce 46
    '*' reduce 46
    ')' reduce 46
    NL reduce 46
    '%' reduce 46
    $end reduce 46
    . error

state 50 (entry on valexpr)
    valexpr : valexpr_'+' valexpr    (44)
    valexpr : valexpr '+' valexpr_    (44)
    valexpr : valexpr_'-' valexpr    (45)
    valexpr : valexpr_'*' valexpr    (46)
    valexpr : valexpr_'/' valexpr    (47)
    valexpr : valexpr_'^' valexpr    (48)
    valexpr : valexpr_'%' valexpr    (49)
    valexpr : valexpr_'|' valexpr    (50)
    valexpr : valexpr_'&' valexpr    (51)

    '%' shift 25
    '&' shift 26
    '*' shift 27
    '/' shift 30
    '^' shift 31
    '|' shift 32
    '-' reduce 44
    ',' reduce 44
    '+' reduce 44
    ')' reduce 44
    NL reduce 44
    $end reduce 44
    . error

state 51 (entry on valexpr)
    valexpr : valexpr_'+' valexpr    (44)
    valexpr : valexpr_'-' valexpr    (45)
    valexpr : valexpr '-' valexpr_    (45)
    valexpr : valexpr_'*' valexpr    (46)
    valexpr : valexpr_'/' valexpr    (47)
    valexpr : valexpr_'^' valexpr    (48)
    valexpr : valexpr_'%' valexpr    (49)
    valexpr : valexpr_'|' valexpr    (50)
    valexpr : valexpr_'&' valexpr    (51)

    '%' shift 25
    '&' shift 26
    '*' shift 27
    '/' shift 30
    '^' shift 31
    '|' shift 32
    '-' reduce 45
    ',' reduce 45
    '+' reduce 45
    ')' reduce 45
    NL reduce 45
    $end reduce 45
    . error

state 52 (entry on valexpr)
    valexpr : valexpr_'+' valexpr    (44)
    valexpr : valexpr_'-' valexpr    (45)
    valexpr : valexpr_'*' valexpr    (46)
    valexpr : valexpr_'/' valexpr    (47)
    valexpr : valexpr '/' valexpr_    (47)
    valexpr : valexpr_'^' valexpr    (48)
    valexpr : valexpr_'%' valexpr    (49)
    valexpr : valexpr_'|' valexpr    (50)
    valexpr : valexpr_'&' valexpr    (51)

    '&' shift 26
    '^' shift 31
    '|' shift 32
    '/' reduce 47
    '-' reduce 47
    ',' reduce 47
    '+' reduce 47
    '*' reduce 47
    ')' reduce 47
    NL reduce 47
    '%' reduce 47
    $end reduce 47
    . error

state 53 (entry on valexpr)
    valexpr : valexpr_'+' valexpr    (44)
    valexpr : valexpr_'-' valexpr    (45)
    valexpr : valexpr_'*' valexpr    (46)
    valexpr : valexpr_'/' valexpr    (47)
    valexpr : valexpr_'^' valexpr    (48)
    valexpr : valexpr '^' valexpr_    (48)
    valexpr : valexpr_'%' valexpr    (49)
    valexpr : valexpr_'|' valexpr    (50)
    valexpr : valexpr_'&' valexpr    (51)

    '&' shift 26
    '^' shift 31
    '|' shift 32
    '/' reduce 48
    '-' reduce 48
    ',' reduce 48
    '+' reduce 48
    '*' reduce 48
    ')' reduce 48
    NL reduce 48
    '%' reduce 48
    $end reduce 48
    . error

state 54 (entry on valexpr)
    valexpr : valexpr_'+' valexpr    (44)
    valexpr : valexpr_'-' valexpr    (45)
    valexpr : valexpr_'*' valexpr    (46)
    valexpr : valexpr_'/' valexpr    (47)
    valexpr : valexpr_'^' valexpr    (48)
    valexpr : valexpr_'%' valexpr    (49)
    valexpr : valexpr_'|' valexpr    (50)
    valexpr : valexpr '|' valexpr_    (50)
    valexpr : valexpr_'&' valexpr    (51)

    '&' shift 26
    '/' reduce 50
    '-' reduce 50
    ',' reduce 50
    '+' reduce 50
    '*' reduce 50
    ')' reduce 50
    NL reduce 50
    '%' reduce 50
    $end reduce 50
    '|' reduce 50
    '^' reduce 50
    . error

state 55 (entry on '(')
    defargswrapper : _    (33)
    defun : DEF ID '('_defargswrapper ')' NL actions NL END    (6)

    TYPE shift 69
    ')' reduce 33
    . error

    defargs goto 67
    defargswrapper goto 68

state 56 (entry on args)
    argswrapper : args_    (36)

    ')' reduce 36
    . error

state 57 (entry on argswrapper)
    expr : ID '(' argswrapper_')'    (42)

    ')' shift 70
    . error

state 58 (entry on expr)
    args : expr_',' args    (34)
    args : expr_    (35)

    ',' shift 71
    ')' reduce 35
    . error

state 59 (entry on ID)
    expr : ID '.' ID_'(' argswrapper ')'    (41)

    '(' shift 72
    . error

state 60 (entry on expr)
    assignment : ID '=' expr_    (40)

    NL reduce 40
    $end reduce 40
    . error

state 61 (entry on expr)
    action : IF '(' expr_')' NL actions NL elsec END    (9)

    ')' shift 73
    . error

state 62 (entry on expr)
    action : INCLUDE '(' expr_')'    (11)

    ')' shift 74
    . error

state 63 (entry on expr)
    action : PRINT '(' expr_')'    (12)

    ')' shift 75
    . error

state 64 (entry on '=')
    declaration : TYPE ID '='_expr    (38)

    NUMBER shift 17
    STRING_LITERAL shift 20
    '(' shift 23
    ID shift 41
    . error

    expr goto 76
    symbol goto 8
    valexpr goto 9

state 65 (entry on expr)
    action : WHILE '(' expr_')' NL actions NL END    (10)

    ')' shift 77
    . error

state 66 (entry on ')')
    valexpr : '(' valexpr ')'_    (52)

    '/' reduce 52
    '-' reduce 52
    ',' reduce 52
    '+' reduce 52
    '*' reduce 52
    ')' reduce 52
    NL reduce 52
    '&' reduce 52
    '%' reduce 52
    $end reduce 52
    '|' reduce 52
    '^' reduce 52
    . error

state 67 (entry on defargs)
    defargswrapper : defargs_    (32)

    ')' reduce 32
    . error

state 68 (entry on defargswrapper)
    defun : DEF ID '(' defargswrapper_')' NL actions NL END    (6)

    ')' shift 78
    . error

state 69 (entry on TYPE)
    defargs : TYPE_ID ',' defargs    (30)
    defargs : TYPE_ID    (31)

    ID shift 79
    . error

state 70 (entry on ')')
    expr : ID '(' argswrapper ')'_    (42)

    ',' reduce 42
    ')' reduce 42
    NL reduce 42
    $end reduce 42
    . error

state 71 (entry on ',')
    args : expr ','_args    (34)

    NUMBER shift 17
    STRING_LITERAL shift 20
    '(' shift 23
    ID shift 41
    . error

    args goto 80
    expr goto 58
    symbol goto 8
    valexpr goto 9

state 72 (entry on '(')
    argswrapper : _    (37)
    expr : ID '.' ID '('_argswrapper ')'    (41)

    NUMBER shift 17
    STRING_LITERAL shift 20
    '(' shift 23
    ID shift 41
    ')' reduce 37
    . error

    args goto 56
    argswrapper goto 81
    expr goto 58
    symbol goto 8
    valexpr goto 9

state 73 (entry on ')')
    action : IF '(' expr ')'_NL actions NL elsec END    (9)

    NL shift 82
    . error

state 74 (entry on ')')
    action : INCLUDE '(' expr ')'_    (11)

    NL reduce 11
    $end reduce 11
    . error

state 75 (entry on ')')
    action : PRINT '(' expr ')'_    (12)

    NL reduce 12
    $end reduce 12
    . error

state 76 (entry on expr)
    declaration : TYPE ID '=' expr_    (38)

    NL reduce 38
    $end reduce 38
    . error

state 77 (entry on ')')
    action : WHILE '(' expr ')'_NL actions NL END    (10)

    NL shift 83
    . error

state 78 (entry on ')')
    defun : DEF ID '(' defargswrapper ')'_NL actions NL END    (6)

    NL shift 84
    . error

state 79 (entry on ID)
    defargs : TYPE ID_',' defargs    (30)
    defargs : TYPE ID_    (31)

    ',' shift 85
    ')' reduce 31
    . error

state 80 (entry on args)
    args : expr ',' args_    (34)

    ')' reduce 34
    . error

state 81 (entry on argswrapper)
    expr : ID '.' ID '(' argswrapper_')'    (41)

    ')' shift 86
    . error

state 82 (entry on NL)
    action : IF '(' expr ')' NL_actions NL elsec END    (9)

    EXIT shift 11
    ID shift 12
    IF shift 13
    INCLUDE shift 14
    LAST shift 15
    NEXT shift 16
    NUMBER shift 17
    PRINT shift 18
    RETURN shift 19
    STRING_LITERAL shift 20
    TYPE shift 21
    WHILE shift 22
    '(' shift 23
    . error

    actions goto 87
    assignment goto 2
    declaration goto 4
    expr goto 6
    action goto 88
    symbol goto 8
    valexpr goto 9

state 83 (entry on NL)
    action : WHILE '(' expr ')' NL_actions NL END    (10)

    EXIT shift 11
    ID shift 12
    IF shift 13
    INCLUDE shift 14
    LAST shift 15
    NEXT shift 16
    NUMBER shift 17
    PRINT shift 18
    RETURN shift 19
    STRING_LITERAL shift 20
    TYPE shift 21
    WHILE shift 22
    '(' shift 23
    . error

    actions goto 89
    assignment goto 2
    declaration goto 4
    expr goto 6
    action goto 88
    symbol goto 8
    valexpr goto 9

state 84 (entry on NL)
    defun : DEF ID '(' defargswrapper ')' NL_actions NL END    (6)

    EXIT shift 11
    ID shift 12
    IF shift 13
    INCLUDE shift 14
    LAST shift 15
    NEXT shift 16
    NUMBER shift 17
    PRINT shift 18
    RETURN shift 19
    STRING_LITERAL shift 20
    TYPE shift 21
    WHILE shift 22
    '(' shift 23
    . error

    actions goto 90
    assignment goto 2
    declaration goto 4
    expr goto 6
    action goto 88
    symbol goto 8
    valexpr goto 9

state 85 (entry on ',')
    defargs : TYPE ID ','_defargs    (30)

    TYPE shift 69
    . error

    defargs goto 91

state 86 (entry on ')')
    expr : ID '.' ID '(' argswrapper ')'_    (41)

    ',' reduce 41
    ')' reduce 41
    NL reduce 41
    $end reduce 41
    . error

state 87 (entry on actions)
    actions : actions_NL action    (8)
    action : IF '(' expr ')' NL actions_NL elsec END    (9)

    NL shift 92
    . error

state 88 (entry on action)
    actions : action_    (7)

    NL reduce 7
    . error

state 89 (entry on actions)
    actions : actions_NL action    (8)
    action : WHILE '(' expr ')' NL actions_NL END    (10)

    NL shift 93
    . error

state 90 (entry on actions)
    actions : actions_NL action    (8)
    defun : DEF ID '(' defargswrapper ')' NL actions_NL END    (6)

    NL shift 94
    . error

state 91 (entry on defargs)
    defargs : TYPE ID ',' defargs_    (30)

    ')' reduce 30
    . error

state 92 (entry on NL)
    actions : actions NL_action    (8)
    elsec : _    (23)
    action : IF '(' expr ')' NL actions NL_elsec END    (9)

    EXIT shift 11
    ID shift 12
    IF shift 13
    INCLUDE shift 14
    LAST shift 15
    NEXT shift 16
    NUMBER shift 17
    PRINT shift 18
    RETURN shift 19
    STRING_LITERAL shift 20
    TYPE shift 21
    WHILE shift 22
    '(' shift 23
    ELSE shift 97
    ELSIF shift 98
    END reduce 23
    . error

    assignment goto 2
    declaration goto 4
    elsec goto 95
    expr goto 6
    action goto 96
    symbol goto 8
    valexpr goto 9

state 93 (entry on NL)
    actions : actions NL_action    (8)
    action : WHILE '(' expr ')' NL actions NL_END    (10)

    EXIT shift 11
    ID shift 12
    IF shift 13
    INCLUDE shift 14
    LAST shift 15
    NEXT shift 16
    NUMBER shift 17
    PRINT shift 18
    RETURN shift 19
    STRING_LITERAL shift 20
    TYPE shift 21
    WHILE shift 22
    '(' shift 23
    END shift 99
    . error

    assignment goto 2
    declaration goto 4
    expr goto 6
    action goto 96
    symbol goto 8
    valexpr goto 9

state 94 (entry on NL)
    actions : actions NL_action    (8)
    defun : DEF ID '(' defargswrapper ')' NL actions NL_END    (6)

    EXIT shift 11
    ID shift 12
    IF shift 13
    INCLUDE shift 14
    LAST shift 15
    NEXT shift 16
    NUMBER shift 17
    PRINT shift 18
    RETURN shift 19
    STRING_LITERAL shift 20
    TYPE shift 21
    WHILE shift 22
    '(' shift 23
    END shift 100
    . error

    assignment goto 2
    declaration goto 4
    expr goto 6
    action goto 96
    symbol goto 8
    valexpr goto 9

state 95 (entry on elsec)
    action : IF '(' expr ')' NL actions NL elsec_END    (9)

    END shift 101
    . error

state 96 (entry on action)
    actions : actions NL action_    (8)

    NL reduce 8
    . error

state 97 (entry on ELSE)
    elsec : ELSE_action NL    (21)

    EXIT shift 11
    ID shift 12
    IF shift 13
    INCLUDE shift 14
    LAST shift 15
    NEXT shift 16
    NUMBER shift 17
    PRINT shift 18
    RETURN shift 19
    STRING_LITERAL shift 20
    TYPE shift 21
    WHILE shift 22
    '(' shift 23
    . error

    assignment goto 2
    declaration goto 4
    expr goto 6
    action goto 102
    symbol goto 8
    valexpr goto 9

state 98 (entry on ELSIF)
    elsec : ELSIF_'(' expr ')' NL action NL elsec    (22)

    '(' shift 103
    . error

state 99 (entry on END)
    action : WHILE '(' expr ')' NL actions NL END_    (10)

    NL reduce 10
    $end reduce 10
    . error

state 100 (entry on END)
    defun : DEF ID '(' defargswrapper ')' NL actions NL END_    (6)

    NL reduce 6
    $end reduce 6
    . error

state 101 (entry on END)
    action : IF '(' expr ')' NL actions NL elsec END_    (9)

    NL reduce 9
    $end reduce 9
    . error

state 102 (entry on action)
    elsec : ELSE action_NL    (21)

    NL shift 104
    . error

state 103 (entry on '(')
    elsec : ELSIF '('_expr ')' NL action NL elsec    (22)

    NUMBER shift 17
    STRING_LITERAL shift 20
    '(' shift 23
    ID shift 41
    . error

    expr goto 105
    symbol goto 8
    valexpr goto 9

state 104 (entry on NL)
    elsec : ELSE action NL_    (21)

    END reduce 21
    . error

state 105 (entry on expr)
    elsec : ELSIF '(' expr_')' NL action NL elsec    (22)

    ')' shift 106
    . error

state 106 (entry on ')')
    elsec : ELSIF '(' expr ')'_NL action NL elsec    (22)

    NL shift 107
    . error

state 107 (entry on NL)
    elsec : ELSIF '(' expr ')' NL_action NL elsec    (22)

    EXIT shift 11
    ID shift 12
    IF shift 13
    INCLUDE shift 14
    LAST shift 15
    NEXT shift 16
    NUMBER shift 17
    PRINT shift 18
    RETURN shift 19
    STRING_LITERAL shift 20
    TYPE shift 21
    WHILE shift 22
    '(' shift 23
    . error

    assignment goto 2
    declaration goto 4
    expr goto 6
    action goto 108
    symbol goto 8
    valexpr goto 9

state 108 (entry on action)
    elsec : ELSIF '(' expr ')' NL action_NL elsec    (22)

    NL shift 109
    . error

state 109 (entry on NL)
    elsec : ELSIF '(' expr ')' NL action NL_elsec    (22)
    elsec : _    (23)

    ELSE shift 97
    ELSIF shift 98
    END reduce 23
    . error

    elsec goto 110

state 110 (entry on elsec)
    elsec : ELSIF '(' expr ')' NL action NL elsec_    (22)

    END reduce 22
    . error

Rule not reduced: cpop : '=' '='
Rule not reduced: cpop : '!' '='
Rule not reduced: cpop : '<'
Rule not reduced: cpop : '<' '='
Rule not reduced: cpop : '>'
Rule not reduced: cpop : '>' '='

36 terminals, 16 nonterminals;
56 grammar rules, 111 states;
0 shift/reduce and 0 reduce/reduce conflicts reported.
